/.history             (Status: 403) [Size: 557]
/.bash_history        (Status: 403) [Size: 567]
/.cvsignore           (Status: 403) [Size: 561]
/.hta                 (Status: 403) [Size: 549]
/.bashrc              (Status: 403) [Size: 555]
/.config              (Status: 403) [Size: 555]
/.forward             (Status: 403) [Size: 557]
/.cvs                 (Status: 403) [Size: 549]
/.git/HEAD            (Status: 403) [Size: 563]
/.htaccess            (Status: 403) [Size: 559]
/.cache               (Status: 403) [Size: 553]
/.htpasswd            (Status: 403) [Size: 559]
/.listings            (Status: 403) [Size: 559]
/.perf                (Status: 403) [Size: 551]
/.passwd              (Status: 403) [Size: 555]
/.mysql_history       (Status: 403) [Size: 569]
/.listing             (Status: 403) [Size: 557]
/.sh_history          (Status: 403) [Size: 563]
/.profile             (Status: 403) [Size: 557]
/.ssh                 (Status: 403) [Size: 549]
/.rhosts              (Status: 403) [Size: 555]
/.subversion          (Status: 403) [Size: 563]
/@                    (Status: 403) [Size: 547]
/.web                 (Status: 403) [Size: 549]
/.swf                 (Status: 403) [Size: 549]
/.svn                 (Status: 403) [Size: 549]
/_adm                 (Status: 403) [Size: 549]
/.svn/entries         (Status: 403) [Size: 569]
/_                    (Status: 403) [Size: 543]
/_ajax                (Status: 403) [Size: 551]
/_admin               (Status: 403) [Size: 553]
/_archive             (Status: 403) [Size: 557]
/_code                (Status: 403) [Size: 551]
/_baks                (Status: 403) [Size: 551]
/_common              (Status: 403) [Size: 555]
/_backup              (Status: 403) [Size: 555]
/_cache               (Status: 403) [Size: 553]
/_assets              (Status: 403) [Size: 555]
/_conf                (Status: 403) [Size: 551]
/_borders             (Status: 403) [Size: 557]
/_catalogs            (Status: 403) [Size: 559]
/_config              (Status: 403) [Size: 555]
/_data                (Status: 403) [Size: 551]
/_db_backups          (Status: 403) [Size: 563]
/_css                 (Status: 403) [Size: 549]
/_derived             (Status: 403) [Size: 557]
/_database            (Status: 403) [Size: 559]
/_dummy               (Status: 403) [Size: 553]
/_files               (Status: 403) [Size: 553]
/_dev                 (Status: 403) [Size: 549]
/_flash               (Status: 403) [Size: 553]
/_fpclass             (Status: 403) [Size: 557]
/_include             (Status: 403) [Size: 557]
/_includes            (Status: 403) [Size: 559]
/_images              (Status: 403) [Size: 555]
/_inc                 (Status: 403) [Size: 549]
/_img                 (Status: 403) [Size: 549]
/_install             (Status: 403) [Size: 557]
/_lib                 (Status: 403) [Size: 549]
/_layouts             (Status: 403) [Size: 557]
/_js                  (Status: 403) [Size: 547]
/_media               (Status: 403) [Size: 553]
/_mem_bin             (Status: 403) [Size: 557]
/_overlay             (Status: 403) [Size: 557]
/_net                 (Status: 403) [Size: 549]
/_mygallery           (Status: 403) [Size: 561]
/_mm                  (Status: 403) [Size: 547]
/_old                 (Status: 403) [Size: 549]
/_notes               (Status: 403) [Size: 553]
/_mmserverscripts     (Status: 403) [Size: 573]
/_pages               (Status: 403) [Size: 553]
/_stats               (Status: 403) [Size: 553]
/_res                 (Status: 403) [Size: 549]
/_private             (Status: 403) [Size: 557]
/_scripts             (Status: 403) [Size: 557]
/_scriptlibrary       (Status: 403) [Size: 569]
/_reports             (Status: 403) [Size: 557]
/_source              (Status: 403) [Size: 555]
/_resources           (Status: 403) [Size: 561]
/_styles              (Status: 403) [Size: 555]
/_src                 (Status: 403) [Size: 549]
/_temp                (Status: 403) [Size: 551]
/_swf                 (Status: 403) [Size: 549]
/_tempalbums          (Status: 403) [Size: 563]
/_template            (Status: 403) [Size: 559]
/_tmp                 (Status: 403) [Size: 549]
/_vti_aut             (Status: 403) [Size: 557]
/_themes              (Status: 403) [Size: 555]
/_tmpfileop           (Status: 403) [Size: 561]
/_test                (Status: 403) [Size: 551]
/_templates           (Status: 403) [Size: 561]
/_vti_bin/_vti_aut/author.dll (Status: 403) [Size: 605]
/_vti_bin/_vti_adm/admin.dll (Status: 403) [Size: 603]
/_vti_cnf             (Status: 403) [Size: 557]
/_vti_log             (Status: 403) [Size: 557]
/_vti_rpc             (Status: 403) [Size: 557]
/_vti_pvt             (Status: 403) [Size: 557]
/_vti_inf             (Status: 403) [Size: 557]
/_vti_map             (Status: 403) [Size: 557]
/_vti_bin/shtml.dll   (Status: 403) [Size: 581]
/_vti_bin             (Status: 403) [Size: 557]
/_vti_txt             (Status: 403) [Size: 557]
/_vti_script          (Status: 403) [Size: 563]
/_www                 (Status: 403) [Size: 549]
/~bin                 (Status: 403) [Size: 553]
/~admin               (Status: 403) [Size: 557]
/~administrator       (Status: 403) [Size: 573]
/~amanda              (Status: 403) [Size: 559]
/~adm                 (Status: 403) [Size: 553]
/~ftp                 (Status: 403) [Size: 553]
/~apache              (Status: 403) [Size: 559]
/~guest               (Status: 403) [Size: 557]
/~http                (Status: 403) [Size: 555]
/~log                 (Status: 403) [Size: 553]
/~operator            (Status: 403) [Size: 563]
/~mail                (Status: 403) [Size: 555]
/~httpd               (Status: 403) [Size: 557]
/~lp                  (Status: 403) [Size: 551]
/~logs                (Status: 403) [Size: 555]
/~nobody              (Status: 403) [Size: 559]
/~root                (Status: 403) [Size: 555]
/~webmaster           (Status: 403) [Size: 565]
/~sysadmin            (Status: 403) [Size: 563]
/~sys                 (Status: 403) [Size: 553]
/~tmp                 (Status: 403) [Size: 553]
/~www                 (Status: 403) [Size: 553]
/~sysadm              (Status: 403) [Size: 559]
/~test                (Status: 403) [Size: 555]
/0                    (Status: 403) [Size: 543]
/00                   (Status: 403) [Size: 545]
/~user                (Status: 403) [Size: 555]
/03                   (Status: 403) [Size: 545]
/07                   (Status: 403) [Size: 545]
/02                   (Status: 403) [Size: 545]
/08                   (Status: 403) [Size: 545]
/05                   (Status: 403) [Size: 545]
/06                   (Status: 403) [Size: 545]
/1                    (Status: 403) [Size: 543]
/01                   (Status: 403) [Size: 545]
/09                   (Status: 403) [Size: 545]
/04                   (Status: 403) [Size: 545]
/100                  (Status: 403) [Size: 547]
/101                  (Status: 403) [Size: 547]
/1001                 (Status: 403) [Size: 549]
/10                   (Status: 403) [Size: 545]
/11                   (Status: 403) [Size: 545]
/103                  (Status: 403) [Size: 547]
/102                  (Status: 403) [Size: 547]
/1000                 (Status: 403) [Size: 549]
/123                  (Status: 403) [Size: 547]
/12                   (Status: 403) [Size: 545]
/15                   (Status: 403) [Size: 545]
/13                   (Status: 403) [Size: 545]
/1990                 (Status: 403) [Size: 549]
/1991                 (Status: 403) [Size: 549]
/1993                 (Status: 403) [Size: 549]
/1996                 (Status: 403) [Size: 549]
/1995                 (Status: 403) [Size: 549]
/14                   (Status: 403) [Size: 545]
/1992                 (Status: 403) [Size: 549]
/1994                 (Status: 403) [Size: 549]
/1998                 (Status: 403) [Size: 549]
/2                    (Status: 403) [Size: 543]
/1997                 (Status: 403) [Size: 549]
/1999                 (Status: 403) [Size: 549]
/1x1                  (Status: 403) [Size: 547]
/200                  (Status: 403) [Size: 547]
/2001                 (Status: 403) [Size: 549]
/2000                 (Status: 403) [Size: 549]
/2002                 (Status: 403) [Size: 549]
/20                   (Status: 403) [Size: 545]
/2003                 (Status: 403) [Size: 549]
/2007                 (Status: 403) [Size: 549]
/2004                 (Status: 403) [Size: 549]
/2006                 (Status: 403) [Size: 549]
/2005                 (Status: 403) [Size: 549]
/2008                 (Status: 403) [Size: 549]
/2009                 (Status: 403) [Size: 549]
/2010                 (Status: 403) [Size: 549]
/2011                 (Status: 403) [Size: 549]
/2012                 (Status: 403) [Size: 549]
/2013                 (Status: 403) [Size: 549]
/2257                 (Status: 403) [Size: 549]
/21                   (Status: 403) [Size: 545]
/25                   (Status: 403) [Size: 545]
/24                   (Status: 403) [Size: 545]
/23                   (Status: 403) [Size: 545]
/22                   (Status: 403) [Size: 545]
/3                    (Status: 403) [Size: 543]
/2g                   (Status: 403) [Size: 545]
